# JRE version: Java(TM) SE Runtime Environment (8.0_60-b27) (build 1.8.0_60-b27)
# Java VM: Java HotSpot(TM) 64-Bit Server VM (25.60-b23 mixed mode linux-amd64 compressed oops)
Heap:
 PSYoungGen      total 301056K, used 30625K [0x00000000eab00000, 0x0000000100000000, 0x0000000100000000)
  eden space 252928K, 0% used [0x00000000eab00000,0x00000000eab00000,0x00000000fa200000)
  from space 48128K, 63% used [0x00000000fa200000,0x00000000fbfe86b0,0x00000000fd100000)
  to   space 48128K, 0% used [0x00000000fd100000,0x00000000fd100000,0x0000000100000000)
 ParOldGen       total 146432K, used 146085K [0x00000000c0000000, 0x00000000c8f00000, 0x00000000eab00000)
  object space 146432K, 99% used [0x00000000c0000000,0x00000000c8ea9438,0x00000000c8f00000)
 Metaspace       used 47266K, capacity 55522K, committed 55768K, reserved 1095680K
  class space    used 6485K, capacity 9345K, committed 9472K, reserved 1048576K
GC Heap History (10 events):
Event: 20,660 GC heap after
Heap after GC invocations=16 (full 2):
 PSYoungGen      total 248832K, used 12256K [0x00000000eab00000, 0x00000000fb700000, 0x0000000100000000)
  eden space 236544K, 0% used [0x00000000eab00000,0x00000000eab00000,0x00000000f9200000)
  from space 12288K, 99% used [0x00000000fa700000,0x00000000fb2f8010,0x00000000fb300000)
  to   space 18944K, 0% used [0x00000000f9200000,0x00000000f9200000,0x00000000fa480000)
 ParOldGen       total 71168K, used 42515K [0x00000000c0000000, 0x00000000c4580000, 0x00000000eab00000)
  object space 71168K, 59% used [0x00000000c0000000,0x00000000c2984ed8,0x00000000c4580000)
 Metaspace       used 40083K, capacity 41788K, committed 41944K, reserved 1085440K
  class space    used 5492K, capacity 6114K, committed 6144K, reserved 1048576K
}
Event: 27,750 GC heap before
{Heap before GC invocations=17 (full 2):
 PSYoungGen      total 248832K, used 248800K [0x00000000eab00000, 0x00000000fb700000, 0x0000000100000000)
  eden space 236544K, 100% used [0x00000000eab00000,0x00000000f9200000,0x00000000f9200000)
  from space 12288K, 99% used [0x00000000fa700000,0x00000000fb2f8010,0x00000000fb300000)
  to   space 18944K, 0% used [0x00000000f9200000,0x00000000f9200000,0x00000000fa480000)
 ParOldGen       total 71168K, used 42515K [0x00000000c0000000, 0x00000000c4580000, 0x00000000eab00000)
  object space 71168K, 59% used [0x00000000c0000000,0x00000000c2984ed8,0x00000000c4580000)
 Metaspace       used 43727K, capacity 48126K, committed 48344K, reserved 1089536K
  class space    used 5956K, capacity 7373K, committed 7424K, reserved 1048576K
Event: 28,100 GC heap after
Heap after GC invocations=17 (full 2):
 PSYoungGen      total 255488K, used 18944K [0x00000000eab00000, 0x0000000100000000, 0x0000000100000000)
  eden space 236544K, 0% used [0x00000000eab00000,0x00000000eab00000,0x00000000f9200000)
  from space 18944K, 100% used [0x00000000f9200000,0x00000000fa480000,0x00000000fa480000)
  to   space 35328K, 0% used [0x00000000fdd80000,0x00000000fdd80000,0x0000000100000000)
 ParOldGen       total 78848K, used 78540K [0x00000000c0000000, 0x00000000c4d00000, 0x00000000eab00000)
  object space 78848K, 99% used [0x00000000c0000000,0x00000000c4cb33c8,0x00000000c4d00000)
 Metaspace       used 43727K, capacity 48126K, committed 48344K, reserved 1089536K
  class space    used 5956K, capacity 7373K, committed 7424K, reserved 1048576K
}
Event: 28,100 GC heap before
{Heap before GC invocations=18 (full 3):
 PSYoungGen      total 255488K, used 18944K [0x00000000eab00000, 0x0000000100000000, 0x0000000100000000)
  eden space 236544K, 0% used [0x00000000eab00000,0x00000000eab00000,0x00000000f9200000)
  from space 18944K, 100% used [0x00000000f9200000,0x00000000fa480000,0x00000000fa480000)
  to   space 35328K, 0% used [0x00000000fdd80000,0x00000000fdd80000,0x0000000100000000)
 ParOldGen       total 78848K, used 78540K [0x00000000c0000000, 0x00000000c4d00000, 0x00000000eab00000)
  object space 78848K, 99% used [0x00000000c0000000,0x00000000c4cb33c8,0x00000000c4d00000)
 Metaspace       used 43727K, capacity 48126K, committed 48344K, reserved 1089536K
  class space    used 5956K, capacity 7373K, committed 7424K, reserved 1048576K
Event: 29,191 GC heap after
Heap after GC invocations=18 (full 3):
 PSYoungGen      total 255488K, used 7158K [0x00000000eab00000, 0x0000000100000000, 0x0000000100000000)
  eden space 236544K, 0% used [0x00000000eab00000,0x00000000eab00000,0x00000000f9200000)
  from space 18944K, 37% used [0x00000000f9200000,0x00000000f98fd828,0x00000000fa480000)
  to   space 35328K, 0% used [0x00000000fdd80000,0x00000000fdd80000,0x0000000100000000)
 ParOldGen       total 146432K, used 78601K [0x00000000c0000000, 0x00000000c8f00000, 0x00000000eab00000)
  object space 146432K, 53% used [0x00000000c0000000,0x00000000c4cc2570,0x00000000c8f00000)
 Metaspace       used 43727K, capacity 48126K, committed 48344K, reserved 1089536K
  class space    used 5956K, capacity 7373K, committed 7424K, reserved 1048576K
}
Event: 34,949 GC heap before
{Heap before GC invocations=19 (full 3):
 PSYoungGen      total 255488K, used 243702K [0x00000000eab00000, 0x0000000100000000, 0x0000000100000000)
  eden space 236544K, 100% used [0x00000000eab00000,0x00000000f9200000,0x00000000f9200000)
  from space 18944K, 37% used [0x00000000f9200000,0x00000000f98fd828,0x00000000fa480000)
  to   space 35328K, 0% used [0x00000000fdd80000,0x00000000fdd80000,0x0000000100000000)
 ParOldGen       total 146432K, used 78601K [0x00000000c0000000, 0x00000000c8f00000, 0x00000000eab00000)
  object space 146432K, 53% used [0x00000000c0000000,0x00000000c4cc2570,0x00000000c8f00000)
 Metaspace       used 45487K, capacity 51660K, committed 51800K, reserved 1093632K
  class space    used 6207K, capacity 8291K, committed 8320K, reserved 1048576K
Event: 35,219 GC heap after
Heap after GC invocations=19 (full 3):
 PSYoungGen      total 288256K, used 35328K [0x00000000eab00000, 0x0000000100000000, 0x0000000100000000)
  eden space 252928K, 0% used [0x00000000eab00000,0x00000000eab00000,0x00000000fa200000)
  from space 35328K, 100% used [0x00000000fdd80000,0x0000000100000000,0x0000000100000000)
  to   space 48128K, 0% used [0x00000000fa200000,0x00000000fa200000,0x00000000fd100000)
 ParOldGen       total 146432K, used 94901K [0x00000000c0000000, 0x00000000c8f00000, 0x00000000eab00000)
  object space 146432K, 64% used [0x00000000c0000000,0x00000000c5cad798,0x00000000c8f00000)
 Metaspace       used 45487K, capacity 51660K, committed 51800K, reserved 1093632K
  class space    used 6207K, capacity 8291K, committed 8320K, reserved 1048576K
}
Event: 39,813 GC heap before
{Heap before GC invocations=20 (full 3):
 PSYoungGen      total 288256K, used 288256K [0x00000000eab00000, 0x0000000100000000, 0x0000000100000000)
  eden space 252928K, 100% used [0x00000000eab00000,0x00000000fa200000,0x00000000fa200000)
  from space 35328K, 100% used [0x00000000fdd80000,0x0000000100000000,0x0000000100000000)
  to   space 48128K, 0% used [0x00000000fa200000,0x00000000fa200000,0x00000000fd100000)
 ParOldGen       total 146432K, used 94901K [0x00000000c0000000, 0x00000000c8f00000, 0x00000000eab00000)
  object space 146432K, 64% used [0x00000000c0000000,0x00000000c5cad798,0x00000000c8f00000)
 Metaspace       used 47266K, capacity 55522K, committed 55768K, reserved 1095680K
  class space    used 6485K, capacity 9345K, committed 9472K, reserved 1048576K
Event: 40,519 GC heap after
Heap after GC invocations=20 (full 3):
 PSYoungGen      total 301056K, used 48128K [0x00000000eab00000, 0x0000000100000000, 0x0000000100000000)
  eden space 252928K, 0% used [0x00000000eab00000,0x00000000eab00000,0x00000000fa200000)
  from space 48128K, 100% used [0x00000000fa200000,0x00000000fd100000,0x00000000fd100000)
  to   space 48128K, 0% used [0x00000000fd100000,0x00000000fd100000,0x0000000100000000)
 ParOldGen       total 146432K, used 130226K [0x00000000c0000000, 0x00000000c8f00000, 0x00000000eab00000)
  object space 146432K, 88% used [0x00000000c0000000,0x00000000c7f2c868,0x00000000c8f00000)
 Metaspace       used 47266K, capacity 55522K, committed 55768K, reserved 1095680K
  class space    used 6485K, capacity 9345K, committed 9472K, reserved 1048576K
}
Event: 40,795 GC heap before
{Heap before GC invocations=21 (full 4):
 PSYoungGen      total 301056K, used 48128K [0x00000000eab00000, 0x0000000100000000, 0x0000000100000000)
  eden space 252928K, 0% used [0x00000000eab00000,0x00000000eab00000,0x00000000fa200000)
  from space 48128K, 100% used [0x00000000fa200000,0x00000000fd100000,0x00000000fd100000)
  to   space 48128K, 0% used [0x00000000fd100000,0x00000000fd100000,0x0000000100000000)
 ParOldGen       total 146432K, used 130226K [0x00000000c0000000, 0x00000000c8f00000, 0x00000000eab00000)
  object space 146432K, 88% used [0x00000000c0000000,0x00000000c7f2c868,0x00000000c8f00000)
 Metaspace       used 47266K, capacity 55522K, committed 55768K, reserved 1095680K
  class space    used 6485K, capacity 9345K, committed 9472K, reserved 1048576K

